[2023-08-15 11:48:35] Created items config at /home/harper/.minecraft/rusherhack/HotbarReplenish/items.json
[2023-08-15 11:48:36] Created regear config at /home/harper/.minecraft/rusherhack/regear.json
[2023-08-15 11:48:36] Created blacklist config at /home/harper/.minecraft/rusherhack/AutoNametag/blacklist.json
[2023-08-15 11:48:36] Created whitelist config at /home/harper/.minecraft/rusherhack/AutoNametag/whitelist.json
[2023-08-15 11:48:36] Created whitelist config at /home/harper/.minecraft/rusherhack/AutoTrader/whitelist.json
[2023-08-15 11:48:36] Created blacklist config at /home/harper/.minecraft/rusherhack/AutoTrader/blacklist.json
[2023-08-15 11:48:36] Created fill_whitelist config at /home/harper/.minecraft/rusherhack/ExtraChest/fill_whitelist.json
[2023-08-15 11:48:36] Created fill_blacklist config at /home/harper/.minecraft/rusherhack/ExtraChest/fill_blacklist.json
[2023-08-15 11:48:36] Created steal_whitelist config at /home/harper/.minecraft/rusherhack/ExtraChest/steal_whitelist.json
[2023-08-15 11:48:36] Created steal_blacklist config at /home/harper/.minecraft/rusherhack/ExtraChest/steal_blacklist.json
[2023-08-15 11:48:36] Created drop_whitelist config at /home/harper/.minecraft/rusherhack/ExtraChest/drop_whitelist.json
[2023-08-15 11:48:36] Created drop_blacklist config at /home/harper/.minecraft/rusherhack/ExtraChest/drop_blacklist.json
[2023-08-15 11:48:36] Created extrasign config at /home/harper/.minecraft/rusherhack/extrasign.json
[2023-08-15 11:48:36] Created blocks config at /home/harper/.minecraft/rusherhack/HitboxIgnore/blocks.json
[2023-08-15 11:48:36] Created richpresence config at /home/harper/.minecraft/rusherhack/richpresence.json
[2023-08-15 11:48:36] Created whitelist config at /home/harper/.minecraft/rusherhack/InventoryCleaner/whitelist.json
[2023-08-15 11:48:36] Created blacklist config at /home/harper/.minecraft/rusherhack/InventoryCleaner/blacklist.json
[2023-08-15 11:48:37] Created blocks config at /home/harper/.minecraft/rusherhack/Search/blocks.json
[2023-08-15 11:48:37] Created entities config at /home/harper/.minecraft/rusherhack/Search/entities.json
[2023-08-15 11:48:37] Created xray config at /home/harper/.minecraft/rusherhack/xray.json
[2023-08-15 11:48:37] Created whitelist config at /home/harper/.minecraft/rusherhack/Nuker/whitelist.json
[2023-08-15 11:48:37] Created blocks config at /home/harper/.minecraft/rusherhack/Scaffold/blocks.json
[2023-08-15 11:48:37] §4null null
[2023-08-15 11:48:37] Loading Macros
[2023-08-15 11:48:37] Created macro config at /home/harper/.minecraft/rusherhack/macro.json
[2023-08-15 11:48:37] Loading Waypoints
[2023-08-15 11:48:37] Created waypoints config at /home/harper/.minecraft/rusherhack/waypoints.json
[2023-08-15 11:48:37] RusherHack Started
[2023-08-15 11:49:20] §aHINT: You can change the HUD with the HUD editor, press COMMA
[2023-08-15 11:49:46] §aINFO: HUD has been disabled
[2023-08-15 11:49:57] RusherHack Stopped
