[2023-08-15 20:06:21] §aINFO: HUD has been disabled
[2023-08-15 20:06:21] §aINFO: NoRender has been enabled
[2023-08-15 20:06:21] Loading Macros
[2023-08-15 20:06:21] Loading Waypoints
[2023-08-15 20:06:21] RusherHack Started
[2023-08-15 20:20:11] §aINFO: Freecam has been enabled
[2023-08-15 20:20:15] §aINFO: Freecam has been disabled
[2023-08-15 20:20:16] §aINFO: Freecam has been enabled
[2023-08-15 20:20:16] §aINFO: Freecam has been disabled
[2023-08-15 20:20:27] §aINFO: Freecam has been enabled
[2023-08-15 20:20:28] §aINFO: Freecam has been disabled
[2023-08-15 20:20:30] §aINFO: Freecam has been enabled
[2023-08-15 20:20:33] §aINFO: Freecam has been disabled
[2023-08-15 20:20:33] §aINFO: Freecam has been enabled
[2023-08-15 20:20:45] §aINFO: Freecam has been disabled
[2023-08-15 20:20:46] §aINFO: Freecam has been enabled
[2023-08-15 20:20:53] §aINFO: Freecam has been disabled
[2023-08-15 20:21:03] §aINFO: Step has been enabled
[2023-08-15 20:21:09] §aINFO: Step has been disabled
[2023-08-15 20:21:10] §aINFO: PacketFly has been enabled
[2023-08-15 20:21:15] §aINFO: PacketFly has been disabled
[2023-08-15 20:33:35] §aINFO: NoFall has been enabled
[2023-08-15 20:34:15] RusherHack Stopped
