[2023-08-17 02:56:37] §aINFO: BaseFinder has been enabled
[2023-08-17 02:56:37] §aINFO: BaseFinder has been disabled
[2023-08-17 02:56:37] §aINFO: ElytraFly has been enabled
[2023-08-17 02:56:37] §aINFO: HUD has been disabled
[2023-08-17 02:56:37] §aINFO: NoFall has been enabled
[2023-08-17 02:56:37] §aINFO: NoRender has been enabled
[2023-08-17 02:56:37] §aINFO: RichPresence has been enabled
[2023-08-17 02:56:37] §aINFO: Waypoints has been enabled
[2023-08-17 02:56:37] Loading Macros
[2023-08-17 02:56:37] Loading Waypoints
[2023-08-17 02:56:38] RusherHack Started
[2023-08-17 02:56:41] §aINFO: Discord Rich Presence established: relapzie#0
[2023-08-17 03:08:42] §aINFO: Freecam has been enabled
[2023-08-17 03:08:45] §aINFO: Freecam has been disabled
[2023-08-17 03:08:46] §aINFO: Freecam has been enabled
[2023-08-17 03:08:47] §aINFO: Freecam has been disabled
[2023-08-17 03:11:44] §aINFO: Freecam has been enabled
[2023-08-17 03:11:45] §aINFO: Freecam has been disabled
[2023-08-17 03:11:46] §aINFO: Freecam has been enabled
[2023-08-17 03:11:47] §aINFO: Freecam has been disabled
[2023-08-17 03:12:34] §aINFO: Freecam has been enabled
[2023-08-17 03:12:35] §aINFO: Freecam has been disabled
[2023-08-17 03:12:36] §aINFO: Freecam has been enabled
[2023-08-17 03:12:37] §aINFO: Freecam has been disabled
[2023-08-17 03:16:16] §aINFO: AutoTotem has been enabled
[2023-08-17 03:19:26] §aINFO: Tracers has been enabled
[2023-08-17 03:21:34] §aINFO: BaseFinder has been enabled
[2023-08-17 04:03:50] §aINFO: BaseFinder has been disabled
[2023-08-17 04:09:49] §aINFO: BowSpam has been enabled
[2023-08-17 04:11:50] §aINFO: HUD has been enabled
[2023-08-17 04:11:50] §aHINT: You can change the settings of a module by right clicking it in the GUI
[2023-08-17 04:41:50] §aHINT: You can get a list of commands by typing *help
[2023-08-17 05:08:39] RusherHack Stopped
