[2023-08-18 20:47:16] §aINFO: AntiHunger has been enabled
[2023-08-18 20:47:16] §aINFO: AutoReconnect has been enabled
[2023-08-18 20:47:16] §aINFO: EntitySpeed has been enabled
[2023-08-18 20:47:16] §aINFO: LagReducer has been enabled
[2023-08-18 20:47:16] §aINFO: NoRender has been enabled
[2023-08-18 20:47:16] §aINFO: Notifications has been enabled
[2023-08-18 20:47:16] §aINFO: RichPresence has been enabled
[2023-08-18 20:47:16] §aINFO: Tracers has been enabled
[2023-08-18 20:47:16] §aINFO: Waypoints has been enabled
[2023-08-18 20:47:16] Loading Macros
[2023-08-18 20:47:16] Loading Waypoints
[2023-08-18 20:47:16] RusherHack Started
[2023-08-18 20:47:35] §aHINT: You can get a list of commands by typing *help
[2023-08-18 20:55:32] §aINFO: AutoEat has been enabled
[2023-08-18 21:17:35] §aHINT: You can get a list of commands by typing *help
[2023-08-18 21:47:35] §aHINT: You can get a list of commands by typing *help
[2023-08-18 21:58:55] §aINFO: AutoFish has been enabled
[2023-08-18 22:03:07] §aINFO: AutoFish has been disabled
[2023-08-18 22:03:47] §aINFO: AutoFish has been enabled
[2023-08-18 22:03:48] §aINFO: AutoReconnect has been disabled
[2023-08-18 22:03:52] §aINFO: AutoEXP has been enabled
[2023-08-18 22:03:52] §aWARNING: You have no EXP in your hotbar!
[2023-08-18 22:03:52] §aINFO: AutoEXP has been disabled
[2023-08-18 22:03:53] §aINFO: AutoEXP has been enabled
[2023-08-18 22:03:53] §aWARNING: You have no EXP in your hotbar!
[2023-08-18 22:03:53] §aINFO: AutoEXP has been disabled
[2023-08-18 22:03:54] §aINFO: AutoDisconnect has been enabled
[2023-08-18 22:07:05] RusherHack Stopped
