[2023-08-17 05:32:40] §aINFO: AutoTotem has been enabled
[2023-08-17 05:32:40] §aINFO: BowSpam has been enabled
[2023-08-17 05:32:40] §aINFO: ElytraFly has been enabled
[2023-08-17 05:32:40] §aINFO: NoFall has been enabled
[2023-08-17 05:32:40] §aINFO: NoRender has been enabled
[2023-08-17 05:32:40] §aINFO: RichPresence has been enabled
[2023-08-17 05:32:40] §aINFO: Tracers has been enabled
[2023-08-17 05:32:40] §aINFO: Waypoints has been enabled
[2023-08-17 05:32:40] Loading Macros
[2023-08-17 05:32:40] Loading Waypoints
[2023-08-17 05:32:40] RusherHack Started
[2023-08-17 05:32:43] §aINFO: Discord Rich Presence established: relapzie#0
[2023-08-17 05:33:49] §aHINT: You can change the HUD with the HUD editor, press COMMA
[2023-08-17 05:36:24] > fakeplayer add lol
[2023-08-17 05:36:24] Created entity lol
[2023-08-17 05:36:24] Created entity lol
[2023-08-17 05:36:28] > fakeplayer del lol
[2023-08-17 05:36:28] Deleted lol
[2023-08-17 05:36:28] Deleted lol
[2023-08-17 05:36:29] > fakeplayer add lol
[2023-08-17 05:36:29] Created entity lol
[2023-08-17 05:36:29] Created entity lol
[2023-08-17 05:36:43] > fakeplayer del lol
[2023-08-17 05:36:43] Deleted lol
[2023-08-17 05:36:43] Deleted lol
[2023-08-17 05:37:57] §aINFO: Velocity has been enabled
[2023-08-17 05:38:10] > fakeplayer del lol
[2023-08-17 05:38:10] Could not find entity lol
[2023-08-17 05:38:10] Could not find entity lol
[2023-08-17 05:38:12] > fakeplayer add lol
[2023-08-17 05:38:12] Created entity lol
[2023-08-17 05:38:12] Created entity lol
[2023-08-17 05:38:20] > fakeplayer del lol
[2023-08-17 05:38:20] Deleted lol
[2023-08-17 05:38:20] Deleted lol
[2023-08-17 05:59:17] > fakeplayer add lol
[2023-08-17 05:59:17] Created entity lol
[2023-08-17 05:59:17] Created entity lol
[2023-08-17 05:59:45] > fakeplayer del lol
[2023-08-17 05:59:45] Deleted lol
[2023-08-17 05:59:45] Deleted lol
[2023-08-17 06:03:49] §aHINT: You can get a list of commands by typing *help
[2023-08-17 06:07:03] §aINFO: BowSpam has been disabled
[2023-08-17 06:16:19] §aINFO: ElytraFly has been disabled
[2023-08-17 06:18:56] §aINFO: ElytraFly has been enabled
[2023-08-17 06:33:49] §aHINT: You can change the settings of a module by right clicking it in the GUI
[2023-08-17 06:40:35] RusherHack Stopped
