[2023-08-20 08:54:12] §aINFO: ElytraFly has been enabled
[2023-08-20 08:54:12] §aINFO: LagReducer has been enabled
[2023-08-20 08:54:12] §aINFO: NoFall has been enabled
[2023-08-20 08:54:12] §aINFO: NoRender has been enabled
[2023-08-20 08:54:12] §aINFO: NoSlow has been enabled
[2023-08-20 08:54:12] §aINFO: Notifications has been enabled
[2023-08-20 08:54:12] §aINFO: RichPresence has been enabled
[2023-08-20 08:54:12] §aINFO: Tracers has been enabled
[2023-08-20 08:54:12] §aINFO: Velocity has been enabled
[2023-08-20 08:54:12] Loading Macros
[2023-08-20 08:54:12] Loading Waypoints
[2023-08-20 08:54:12] RusherHack Started
[2023-08-20 08:54:23] §aHINT: You can change the settings of a module by right clicking it in the GUI
[2023-08-20 08:55:20] §aINFO: AutoTotem has been enabled
[2023-08-20 08:55:36] §aINFO: Speed has been enabled
[2023-08-20 08:55:36] §aINFO: Speed has been disabled
[2023-08-20 08:56:20] §aINFO: Speed has been enabled
[2023-08-20 08:56:26] §aINFO: Speed has been disabled
[2023-08-20 08:56:31] §aINFO: Speed has been enabled
[2023-08-20 08:56:38] §aINFO: Speed has been disabled
[2023-08-20 08:56:53] §aINFO: Speed has been enabled
[2023-08-20 08:56:57] §aINFO: Speed has been disabled
[2023-08-20 08:56:57] §aINFO: Speed has been enabled
[2023-08-20 08:57:04] §aINFO: Speed has been disabled
[2023-08-20 08:57:04] §aINFO: Speed has been enabled
[2023-08-20 08:57:06] §aINFO: Speed has been disabled
[2023-08-20 08:57:12] §aINFO: Speed has been enabled
[2023-08-20 08:57:13] §aINFO: Speed has been disabled
[2023-08-20 08:57:16] §aINFO: Speed has been enabled
[2023-08-20 08:57:16] §aINFO: Speed has been disabled
[2023-08-20 08:57:16] §aINFO: Speed has been enabled
[2023-08-20 08:57:16] §aINFO: Speed has been disabled
[2023-08-20 08:57:24] §aINFO: Criticals has been enabled
[2023-08-20 08:57:57] §aINFO: Speed has been enabled
[2023-08-20 08:58:15] §aINFO: Speed has been disabled
[2023-08-20 08:58:20] §aINFO: Speed has been enabled
[2023-08-20 08:58:26] §aINFO: Speed has been disabled
[2023-08-20 08:58:35] §aINFO: Speed has been enabled
[2023-08-20 08:58:37] §aINFO: Speed has been disabled
[2023-08-20 08:58:38] §aINFO: Speed has been enabled
[2023-08-20 08:58:39] §aINFO: Speed has been disabled
[2023-08-20 08:58:43] §aINFO: Speed has been enabled
[2023-08-20 08:58:44] §aINFO: Speed has been disabled
[2023-08-20 08:58:46] §aINFO: Speed has been enabled
[2023-08-20 08:58:46] §aINFO: Speed has been disabled
[2023-08-20 08:58:47] §aINFO: Speed has been enabled
[2023-08-20 08:58:52] §aINFO: Speed has been disabled
[2023-08-20 08:58:53] §aINFO: Speed has been enabled
[2023-08-20 08:58:55] §aINFO: Speed has been disabled
[2023-08-20 08:58:58] §aINFO: Speed has been enabled
[2023-08-20 08:59:00] §aINFO: Speed has been disabled
[2023-08-20 08:59:02] §aINFO: Speed has been enabled
[2023-08-20 08:59:05] §aINFO: Speed has been disabled
[2023-08-20 08:59:08] §aINFO: Speed has been enabled
[2023-08-20 08:59:09] §aINFO: Speed has been disabled
[2023-08-20 08:59:09] §aINFO: Speed has been enabled
[2023-08-20 08:59:14] §aINFO: Speed has been disabled
[2023-08-20 08:59:18] §aINFO: Speed has been enabled
[2023-08-20 08:59:18] §aINFO: Speed has been disabled
[2023-08-20 08:59:19] §aINFO: Speed has been enabled
[2023-08-20 08:59:21] §aINFO: Speed has been disabled
[2023-08-20 08:59:23] §aINFO: Speed has been enabled
[2023-08-20 08:59:23] §aINFO: Speed has been disabled
[2023-08-20 08:59:31] §aINFO: Speed has been enabled
[2023-08-20 08:59:33] §aINFO: Speed has been disabled
[2023-08-20 08:59:37] §aINFO: AutoArmor has been enabled
[2023-08-20 08:59:39] §aINFO: Speed has been enabled
[2023-08-20 08:59:45] §aINFO: Speed has been disabled
[2023-08-20 08:59:46] §aINFO: Speed has been enabled
[2023-08-20 08:59:51] §aINFO: Speed has been disabled
[2023-08-20 08:59:52] §aINFO: Speed has been enabled
[2023-08-20 08:59:52] §aINFO: Speed has been disabled
[2023-08-20 08:59:53] §aINFO: Speed has been enabled
[2023-08-20 08:59:53] §aINFO: Speed has been disabled
[2023-08-20 08:59:56] §aINFO: Speed has been enabled
[2023-08-20 08:59:56] §aINFO: Speed has been disabled
[2023-08-20 08:59:57] §aINFO: Speed has been enabled
[2023-08-20 08:59:58] §aINFO: Speed has been disabled
[2023-08-20 09:00:01] §aINFO: Speed has been enabled
[2023-08-20 09:00:10] §aINFO: Speed has been disabled
[2023-08-20 09:00:13] §aINFO: Speed has been enabled
[2023-08-20 09:00:13] §aINFO: Speed has been disabled
[2023-08-20 09:00:20] §aINFO: Speed has been enabled
[2023-08-20 09:00:22] §aINFO: Speed has been disabled
[2023-08-20 09:00:23] §aINFO: Speed has been enabled
[2023-08-20 09:00:24] §aINFO: Speed has been disabled
[2023-08-20 09:00:27] §aINFO: Speed has been enabled
[2023-08-20 09:00:28] §aINFO: Speed has been disabled
[2023-08-20 09:00:30] §aINFO: Speed has been enabled
[2023-08-20 09:00:30] §aINFO: Speed has been disabled
[2023-08-20 09:00:32] §aINFO: Speed has been enabled
[2023-08-20 09:00:33] §aINFO: Speed has been disabled
[2023-08-20 09:00:39] §aINFO: Speed has been enabled
[2023-08-20 09:00:52] §aINFO: Speed has been disabled
[2023-08-20 09:00:56] §aINFO: Speed has been enabled
[2023-08-20 09:01:07] §aINFO: Speed has been disabled
[2023-08-20 09:01:07] §aINFO: Speed has been enabled
[2023-08-20 09:01:10] §aINFO: Speed has been disabled
[2023-08-20 09:01:10] §aINFO: Speed has been enabled
[2023-08-20 09:01:11] §aINFO: Speed has been disabled
[2023-08-20 09:01:15] §aINFO: Speed has been enabled
[2023-08-20 09:01:18] §aINFO: Speed has been disabled
[2023-08-20 09:01:20] §aINFO: Speed has been enabled
[2023-08-20 09:01:20] §aINFO: Speed has been disabled
[2023-08-20 09:01:28] §aINFO: Speed has been enabled
[2023-08-20 09:01:30] §aINFO: Speed has been disabled
[2023-08-20 09:01:35] §aINFO: Speed has been enabled
[2023-08-20 09:01:37] §aINFO: Speed has been disabled
[2023-08-20 09:01:39] §aINFO: Speed has been enabled
[2023-08-20 09:01:42] §aINFO: Speed has been disabled
[2023-08-20 09:01:47] §aINFO: Speed has been enabled
[2023-08-20 09:01:48] §aINFO: Speed has been disabled
[2023-08-20 09:01:52] §aINFO: Speed has been enabled
[2023-08-20 09:01:52] §aINFO: Speed has been disabled
[2023-08-20 09:01:52] §aINFO: Speed has been enabled
[2023-08-20 09:01:54] §aINFO: Speed has been disabled
[2023-08-20 09:01:55] §aINFO: Speed has been enabled
[2023-08-20 09:01:56] §aINFO: Speed has been disabled
[2023-08-20 09:01:59] §aINFO: Speed has been enabled
[2023-08-20 09:02:01] §aINFO: Speed has been disabled
[2023-08-20 09:02:03] §aINFO: Speed has been enabled
[2023-08-20 09:02:03] §aINFO: Speed has been disabled
[2023-08-20 09:02:06] §aINFO: Speed has been enabled
[2023-08-20 09:02:09] §aINFO: Speed has been disabled
[2023-08-20 09:02:12] §aINFO: Speed has been enabled
[2023-08-20 09:02:15] §aINFO: Speed has been disabled
[2023-08-20 09:02:22] §aINFO: Speed has been enabled
[2023-08-20 09:02:23] §aINFO: Speed has been disabled
[2023-08-20 09:02:28] §aINFO: Speed has been enabled
[2023-08-20 09:02:29] §aINFO: Speed has been disabled
[2023-08-20 09:02:30] §aINFO: Speed has been enabled
[2023-08-20 09:02:33] §aINFO: Speed has been disabled
[2023-08-20 09:02:34] §aINFO: Speed has been enabled
[2023-08-20 09:02:38] §aINFO: Speed has been disabled
[2023-08-20 09:02:38] §aINFO: Speed has been enabled
[2023-08-20 09:02:42] §aINFO: Speed has been disabled
[2023-08-20 09:02:42] §aINFO: Speed has been enabled
[2023-08-20 09:02:42] §aINFO: Speed has been disabled
[2023-08-20 09:02:43] §aINFO: Speed has been enabled
[2023-08-20 09:02:45] §aINFO: Speed has been disabled
[2023-08-20 09:02:47] §aINFO: Speed has been enabled
[2023-08-20 09:02:48] §aINFO: Speed has been disabled
[2023-08-20 09:02:49] §aINFO: Speed has been enabled
[2023-08-20 09:02:50] §aINFO: Speed has been disabled
[2023-08-20 09:02:54] §aINFO: Speed has been enabled
[2023-08-20 09:02:56] §aINFO: Speed has been disabled
[2023-08-20 09:03:00] §aINFO: Speed has been enabled
[2023-08-20 09:03:01] §aINFO: Speed has been disabled
[2023-08-20 09:03:05] §aINFO: Speed has been enabled
[2023-08-20 09:03:08] §aINFO: Speed has been disabled
[2023-08-20 09:03:10] §aINFO: Speed has been enabled
[2023-08-20 09:03:10] §aINFO: Speed has been disabled
[2023-08-20 09:03:14] §aINFO: Speed has been enabled
[2023-08-20 09:03:14] §aINFO: Speed has been disabled
[2023-08-20 09:03:18] §aINFO: Speed has been enabled
[2023-08-20 09:03:20] §aINFO: Speed has been disabled
[2023-08-20 09:03:21] §aINFO: Speed has been enabled
[2023-08-20 09:03:23] §aINFO: Speed has been disabled
[2023-08-20 09:03:24] §aINFO: Speed has been enabled
[2023-08-20 09:03:24] §aINFO: Speed has been disabled
[2023-08-20 09:03:25] §aINFO: Speed has been enabled
[2023-08-20 09:03:26] §aINFO: Speed has been disabled
[2023-08-20 09:03:34] §aINFO: Speed has been enabled
[2023-08-20 09:03:36] §aINFO: Speed has been disabled
[2023-08-20 09:03:36] §aINFO: Speed has been enabled
[2023-08-20 09:03:38] §aINFO: Speed has been disabled
[2023-08-20 09:03:38] §aINFO: Speed has been enabled
[2023-08-20 09:03:39] §aINFO: Speed has been disabled
[2023-08-20 09:03:42] §aINFO: Speed has been enabled
[2023-08-20 09:03:50] §aINFO: Speed has been disabled
[2023-08-20 09:03:50] §aINFO: Speed has been enabled
[2023-08-20 09:03:50] §aINFO: Speed has been disabled
[2023-08-20 09:03:56] §aINFO: Speed has been enabled
[2023-08-20 09:03:57] §aINFO: Speed has been disabled
[2023-08-20 09:03:57] §aINFO: Speed has been enabled
[2023-08-20 09:03:58] §aINFO: Speed has been disabled
[2023-08-20 09:04:08] §aINFO: Speed has been enabled
[2023-08-20 09:04:10] §aINFO: Speed has been disabled
[2023-08-20 09:04:11] §aINFO: Speed has been enabled
[2023-08-20 09:04:12] §aINFO: Speed has been disabled
[2023-08-20 09:04:16] §aINFO: Speed has been enabled
[2023-08-20 09:04:18] §aINFO: Speed has been disabled
[2023-08-20 09:04:19] §aINFO: Speed has been enabled
[2023-08-20 09:04:20] §aINFO: Speed has been disabled
[2023-08-20 09:04:22] §aINFO: Speed has been enabled
[2023-08-20 09:04:24] §aINFO: Speed has been disabled
[2023-08-20 09:04:26] §aINFO: Speed has been enabled
[2023-08-20 09:04:26] §aINFO: Speed has been disabled
[2023-08-20 09:04:37] §aINFO: Speed has been enabled
[2023-08-20 09:04:37] §aINFO: Speed has been disabled
[2023-08-20 09:04:41] §aINFO: Speed has been enabled
[2023-08-20 09:04:42] §aINFO: Speed has been disabled
[2023-08-20 09:04:43] §aINFO: Speed has been enabled
[2023-08-20 09:04:45] §aINFO: Speed has been disabled
[2023-08-20 09:04:47] §aINFO: Speed has been enabled
[2023-08-20 09:04:49] §aINFO: Speed has been disabled
[2023-08-20 09:04:51] §aINFO: Speed has been enabled
[2023-08-20 09:04:51] §aINFO: Speed has been disabled
[2023-08-20 09:04:56] §aINFO: Speed has been enabled
[2023-08-20 09:04:56] §aINFO: Speed has been disabled
[2023-08-20 09:04:59] §aINFO: Speed has been enabled
[2023-08-20 09:05:00] §aINFO: Speed has been disabled
[2023-08-20 09:05:03] §aINFO: Speed has been enabled
[2023-08-20 09:05:07] §aINFO: Speed has been disabled
[2023-08-20 09:05:07] §aINFO: Speed has been enabled
[2023-08-20 09:05:08] §aINFO: Speed has been disabled
[2023-08-20 09:05:09] §aINFO: Speed has been enabled
[2023-08-20 09:05:09] §aINFO: Speed has been disabled
[2023-08-20 09:05:11] §aINFO: Speed has been enabled
[2023-08-20 09:05:13] §aINFO: Speed has been disabled
[2023-08-20 09:05:15] §aINFO: Speed has been enabled
[2023-08-20 09:05:15] §aINFO: Speed has been disabled
[2023-08-20 09:05:18] §aINFO: Speed has been enabled
[2023-08-20 09:05:20] §aINFO: Speed has been disabled
[2023-08-20 09:05:22] §aINFO: Speed has been enabled
[2023-08-20 09:05:23] §aINFO: Speed has been disabled
[2023-08-20 09:05:26] §aINFO: Speed has been enabled
[2023-08-20 09:05:29] §aINFO: Speed has been disabled
[2023-08-20 09:05:30] §aINFO: Speed has been enabled
[2023-08-20 09:05:31] §aINFO: Speed has been disabled
[2023-08-20 09:05:33] §aINFO: Speed has been enabled
[2023-08-20 09:05:35] §aINFO: Speed has been disabled
[2023-08-20 09:05:42] §aINFO: Speed has been enabled
[2023-08-20 09:05:43] §aINFO: Speed has been disabled
[2023-08-20 09:05:47] §aINFO: Speed has been enabled
[2023-08-20 09:05:48] §aINFO: Speed has been disabled
[2023-08-20 09:06:00] §aINFO: Speed has been enabled
[2023-08-20 09:06:02] §aINFO: Speed has been disabled
[2023-08-20 09:06:03] §aINFO: Speed has been enabled
[2023-08-20 09:06:05] §aINFO: Speed has been disabled
[2023-08-20 09:06:12] §aINFO: Speed has been enabled
[2023-08-20 09:06:13] §aINFO: Speed has been disabled
[2023-08-20 09:06:14] §aINFO: Speed has been enabled
[2023-08-20 09:06:16] §aINFO: Speed has been disabled
[2023-08-20 09:06:19] §aINFO: Speed has been enabled
[2023-08-20 09:06:19] §aINFO: Speed has been disabled
[2023-08-20 09:06:20] §aINFO: Speed has been enabled
[2023-08-20 09:06:21] §aINFO: Speed has been disabled
[2023-08-20 09:06:24] §aINFO: Speed has been enabled
[2023-08-20 09:06:24] §aINFO: Speed has been disabled
[2023-08-20 09:06:31] §aINFO: Speed has been enabled
[2023-08-20 09:06:31] §aINFO: Speed has been disabled
[2023-08-20 09:06:42] §aINFO: Speed has been enabled
[2023-08-20 09:06:44] §aINFO: Speed has been disabled
[2023-08-20 09:06:45] §aINFO: Speed has been enabled
[2023-08-20 09:06:46] §aINFO: Speed has been disabled
[2023-08-20 09:06:55] §aINFO: Speed has been enabled
[2023-08-20 09:06:55] §aINFO: Speed has been disabled
[2023-08-20 09:07:00] §aINFO: Speed has been enabled
[2023-08-20 09:07:01] §aINFO: Speed has been disabled
[2023-08-20 09:07:05] §aINFO: Speed has been enabled
[2023-08-20 09:07:10] §aINFO: Speed has been disabled
[2023-08-20 09:07:13] §aINFO: Speed has been enabled
[2023-08-20 09:07:14] §aINFO: Speed has been disabled
[2023-08-20 09:07:16] §aINFO: Speed has been enabled
[2023-08-20 09:07:16] §aINFO: Speed has been disabled
[2023-08-20 09:07:22] §aINFO: Speed has been enabled
[2023-08-20 09:07:23] §aINFO: Speed has been disabled
[2023-08-20 09:07:30] §aINFO: Speed has been enabled
[2023-08-20 09:07:31] §aINFO: Speed has been disabled
[2023-08-20 09:07:35] §aINFO: Speed has been enabled
[2023-08-20 09:07:37] §aINFO: Speed has been disabled
[2023-08-20 09:07:40] §aINFO: Speed has been enabled
[2023-08-20 09:07:42] §aINFO: Speed has been disabled
[2023-08-20 09:07:55] §aINFO: Speed has been enabled
[2023-08-20 09:07:56] §aINFO: Speed has been disabled
[2023-08-20 09:08:00] §aINFO: Speed has been enabled
[2023-08-20 09:08:02] §aINFO: Speed has been disabled
[2023-08-20 09:08:30] §aINFO: Speed has been enabled
[2023-08-20 09:08:38] §aINFO: Speed has been disabled
[2023-08-20 09:08:47] §aINFO: Speed has been enabled
[2023-08-20 09:08:51] §aINFO: Speed has been disabled
[2023-08-20 09:08:54] §aINFO: Speed has been enabled
[2023-08-20 09:09:00] §aINFO: Speed has been disabled
[2023-08-20 09:09:00] §aINFO: Speed has been enabled
[2023-08-20 09:09:01] §aINFO: Speed has been disabled
[2023-08-20 09:09:02] §aINFO: Speed has been enabled
[2023-08-20 09:09:07] §aINFO: Speed has been disabled
[2023-08-20 09:09:09] §aINFO: Speed has been enabled
[2023-08-20 09:09:11] §aINFO: Speed has been disabled
[2023-08-20 09:09:12] §aINFO: Speed has been enabled
[2023-08-20 09:09:12] §aINFO: Speed has been disabled
[2023-08-20 09:09:14] §aINFO: Speed has been enabled
[2023-08-20 09:09:15] §aINFO: Speed has been disabled
[2023-08-20 09:09:16] §aINFO: Speed has been enabled
[2023-08-20 09:09:16] §aINFO: Speed has been disabled
[2023-08-20 09:09:17] §aINFO: Speed has been enabled
[2023-08-20 09:09:18] §aINFO: Speed has been disabled
[2023-08-20 09:09:20] §aINFO: Speed has been enabled
[2023-08-20 09:09:20] §aINFO: Speed has been disabled
[2023-08-20 09:09:23] §aINFO: Speed has been enabled
[2023-08-20 09:09:24] §aINFO: Speed has been disabled
[2023-08-20 09:09:38] §aINFO: Speed has been enabled
[2023-08-20 09:09:38] §aINFO: Speed has been disabled
[2023-08-20 09:09:46] §aINFO: Speed has been enabled
[2023-08-20 09:09:46] §aINFO: Speed has been disabled
[2023-08-20 09:10:19] §aINFO: Speed has been enabled
[2023-08-20 09:10:19] §aINFO: Speed has been disabled
[2023-08-20 09:10:20] §aINFO: Speed has been enabled
[2023-08-20 09:10:21] §aINFO: Speed has been disabled
[2023-08-20 09:10:28] §aINFO: Speed has been enabled
[2023-08-20 09:10:29] §aINFO: Speed has been disabled
[2023-08-20 09:10:46] §aINFO: Speed has been enabled
[2023-08-20 09:10:58] §aINFO: Speed has been disabled
[2023-08-20 09:11:04] §aINFO: Speed has been enabled
[2023-08-20 09:11:05] §aINFO: Speed has been disabled
[2023-08-20 09:11:05] §aINFO: Speed has been enabled
[2023-08-20 09:11:06] §aINFO: Speed has been disabled
[2023-08-20 09:11:19] §aINFO: Speed has been enabled
[2023-08-20 09:11:20] §aINFO: Speed has been disabled
[2023-08-20 09:11:21] §aINFO: Speed has been enabled
[2023-08-20 09:11:22] §aINFO: Speed has been disabled
[2023-08-20 09:11:34] §aINFO: Speed has been enabled
[2023-08-20 09:11:36] §aINFO: Speed has been disabled
[2023-08-20 09:11:39] §aINFO: Speed has been enabled
[2023-08-20 09:11:44] §aINFO: Speed has been disabled
[2023-08-20 09:11:44] §aINFO: Speed has been enabled
[2023-08-20 09:11:47] §aINFO: Speed has been disabled
[2023-08-20 09:11:47] §aINFO: Speed has been enabled
[2023-08-20 09:11:54] §aINFO: Speed has been disabled
[2023-08-20 09:11:56] §aINFO: Speed has been enabled
[2023-08-20 09:11:56] §aINFO: Speed has been disabled
[2023-08-20 09:11:57] §aINFO: Speed has been enabled
[2023-08-20 09:11:57] §aINFO: Speed has been disabled
[2023-08-20 09:12:08] §aINFO: Speed has been enabled
[2023-08-20 09:12:14] §aINFO: Speed has been disabled
[2023-08-20 09:12:20] §aINFO: Speed has been enabled
[2023-08-20 09:12:20] §aINFO: Speed has been disabled
[2023-08-20 09:12:21] §aINFO: Speed has been enabled
[2023-08-20 09:12:22] §aINFO: Speed has been disabled
[2023-08-20 09:12:29] §aINFO: Speed has been enabled
[2023-08-20 09:12:30] §aINFO: Speed has been disabled
[2023-08-20 09:12:33] §aINFO: Speed has been enabled
[2023-08-20 09:12:34] §aINFO: Speed has been disabled
[2023-08-20 09:12:38] §aINFO: Speed has been enabled
[2023-08-20 09:12:40] §aINFO: Speed has been disabled
[2023-08-20 09:12:43] §aINFO: Speed has been enabled
[2023-08-20 09:12:45] §aINFO: Speed has been disabled
[2023-08-20 09:12:47] §aINFO: Speed has been enabled
[2023-08-20 09:12:48] §aINFO: Speed has been disabled
[2023-08-20 09:12:53] §aINFO: Speed has been enabled
[2023-08-20 09:12:53] §aINFO: Speed has been disabled
[2023-08-20 09:13:00] §aINFO: Speed has been enabled
[2023-08-20 09:13:00] §aINFO: Speed has been disabled
[2023-08-20 09:13:10] §aINFO: Speed has been enabled
[2023-08-20 09:13:10] §aINFO: Speed has been disabled
[2023-08-20 09:13:11] §aINFO: Speed has been enabled
[2023-08-20 09:13:16] §aINFO: Speed has been disabled
[2023-08-20 09:13:17] §aINFO: Speed has been enabled
[2023-08-20 09:13:17] §aINFO: Speed has been disabled
[2023-08-20 09:13:18] §aINFO: Speed has been enabled
[2023-08-20 09:13:18] §aINFO: Speed has been disabled
[2023-08-20 09:13:33] §aINFO: Speed has been enabled
[2023-08-20 09:13:37] §aINFO: Speed has been disabled
[2023-08-20 09:13:45] §aINFO: Speed has been enabled
[2023-08-20 09:13:46] §aINFO: Speed has been disabled
[2023-08-20 09:13:48] §aINFO: Speed has been enabled
[2023-08-20 09:14:00] §aINFO: Speed has been disabled
[2023-08-20 09:14:09] §aINFO: Speed has been enabled
[2023-08-20 09:14:10] §aINFO: Speed has been disabled
[2023-08-20 09:18:51] > fakeplayer del lol
[2023-08-20 09:18:51] Could not find entity lol
[2023-08-20 09:18:51] Could not find entity lol
[2023-08-20 09:18:53] > fakeplayer add lol
[2023-08-20 09:18:53] Created entity lol
[2023-08-20 09:18:53] Created entity lol
[2023-08-20 09:18:57] > fakeplayer del lol
[2023-08-20 09:18:57] Deleted lol
[2023-08-20 09:18:57] Deleted lol
[2023-08-20 09:19:22] §aINFO: Speed has been enabled
[2023-08-20 09:19:27] §aINFO: Speed has been disabled
[2023-08-20 09:19:28] §aINFO: Speed has been enabled
[2023-08-20 09:19:28] §aINFO: Speed has been disabled
[2023-08-20 09:19:31] §aINFO: Speed has been enabled
[2023-08-20 09:19:40] §aINFO: Speed has been disabled
[2023-08-20 09:19:44] §aINFO: Speed has been enabled
[2023-08-20 09:19:46] §aINFO: Speed has been disabled
[2023-08-20 09:19:47] §aINFO: Speed has been enabled
[2023-08-20 09:19:47] §aINFO: Speed has been disabled
[2023-08-20 09:19:49] §aINFO: Speed has been enabled
[2023-08-20 09:19:49] §aINFO: Speed has been disabled
[2023-08-20 09:19:51] §aINFO: Speed has been enabled
[2023-08-20 09:19:52] §aINFO: Speed has been disabled
[2023-08-20 09:20:19] §aINFO: Speed has been enabled
[2023-08-20 09:20:27] §aINFO: Speed has been disabled
[2023-08-20 09:20:30] §aINFO: Speed has been enabled
[2023-08-20 09:20:31] §aINFO: Speed has been disabled
[2023-08-20 09:20:40] §aINFO: Speed has been enabled
[2023-08-20 09:20:40] §aINFO: Speed has been disabled
[2023-08-20 09:20:41] §aINFO: Speed has been enabled
[2023-08-20 09:20:42] §aINFO: Speed has been disabled
[2023-08-20 09:20:43] §aINFO: Speed has been enabled
[2023-08-20 09:20:43] §aINFO: Speed has been disabled
[2023-08-20 09:20:45] §aINFO: Speed has been enabled
[2023-08-20 09:20:47] §aINFO: Speed has been disabled
[2023-08-20 09:20:48] §aINFO: Speed has been enabled
[2023-08-20 09:20:48] §aINFO: Speed has been disabled
[2023-08-20 09:20:52] §aINFO: Speed has been enabled
[2023-08-20 09:20:52] §aINFO: Speed has been disabled
[2023-08-20 09:20:53] §aINFO: Speed has been enabled
[2023-08-20 09:20:55] §aINFO: Speed has been disabled
[2023-08-20 09:20:56] §aINFO: Speed has been enabled
[2023-08-20 09:20:57] §aINFO: Speed has been disabled
[2023-08-20 09:20:57] §aINFO: Speed has been enabled
[2023-08-20 09:20:58] §aINFO: Speed has been disabled
[2023-08-20 09:21:01] §aINFO: Speed has been enabled
[2023-08-20 09:21:02] §aINFO: Speed has been disabled
[2023-08-20 09:21:27] §aINFO: Speed has been enabled
[2023-08-20 09:21:31] §aINFO: Speed has been disabled
[2023-08-20 09:26:49] §aHINT: You can get a list of commands by typing *help
[2023-08-20 09:42:51] RusherHack Stopped
