[2023-09-01 10:10:11] §aINFO: AutoArmor has been enabled
[2023-09-01 10:10:11] §aINFO: AutoTotem has been enabled
[2023-09-01 10:10:11] §aINFO: Criticals has been enabled
[2023-09-01 10:10:11] §aINFO: ElytraFly has been enabled
[2023-09-01 10:10:11] §aINFO: LagReducer has been enabled
[2023-09-01 10:10:11] §aINFO: NoFall has been enabled
[2023-09-01 10:10:11] §aINFO: NoRender has been enabled
[2023-09-01 10:10:11] §aINFO: NoSlow has been enabled
[2023-09-01 10:10:11] §aINFO: Notifications has been enabled
[2023-09-01 10:10:12] §aINFO: RichPresence has been enabled
[2023-09-01 10:10:12] §4Failed loading setting for SourceRemover For input string: "1.0" null 
[2023-09-01 10:10:12] §aINFO: Tracers has been enabled
[2023-09-01 10:10:12] §aINFO: Velocity has been enabled
[2023-09-01 10:10:12] Loading Macros
[2023-09-01 10:10:12] Loading Waypoints
[2023-09-01 10:10:12] RusherHack Started
[2023-09-01 10:10:15] §aINFO: Discord Rich Presence established: relapzie#0
[2023-09-01 10:10:32] §aHINT: You can change the settings of a module by right clicking it in the GUI
[2023-09-01 10:11:15] §aINFO: ElytraFly has been disabled
[2023-09-01 10:11:18] §aINFO: FullBright has been enabled
[2023-09-01 10:11:34] §aINFO: AutoTotem has been disabled
[2023-09-01 10:12:29] §aINFO: AutoArmor has been disabled
[2023-09-01 10:13:08] §aINFO: ElytraFly has been enabled
[2023-09-01 10:13:19] §aINFO: ElytraFly has been disabled
[2023-09-01 10:16:32] RusherHack Stopped
