[2023-08-18 22:09:02] §aINFO: AntiHunger has been enabled
[2023-08-18 22:09:02] §aINFO: AutoDisconnect has been enabled
[2023-08-18 22:09:02] §aINFO: AutoEat has been enabled
[2023-08-18 22:09:02] §aINFO: AutoFish has been enabled
[2023-08-18 22:09:02] §4Could not find module: AutoHole
[2023-08-18 22:09:02] §4Could not find module: AutoSorter
[2023-08-18 22:09:02] §4Could not find module: Baritone
[2023-08-18 22:09:02] §aINFO: EntitySpeed has been enabled
[2023-08-18 22:09:02] §aINFO: LagReducer has been enabled
[2023-08-18 22:09:02] §aINFO: NoRender has been enabled
[2023-08-18 22:09:02] §aINFO: Notifications has been enabled
[2023-08-18 22:09:02] §aINFO: RichPresence has been enabled
[2023-08-18 22:09:02] §aINFO: Tracers has been enabled
[2023-08-18 22:09:02] §aINFO: Waypoints has been enabled
[2023-08-18 22:09:02] Loading Macros
[2023-08-18 22:09:02] Loading Waypoints
[2023-08-18 22:09:02] RusherHack Started
[2023-08-18 22:09:24] §aHINT: You can get a list of commands by typing *help
[2023-08-18 22:10:41] §aINFO: ElytraFly has been enabled
[2023-08-18 22:10:44] §aINFO: AutoDisconnect has been disabled
[2023-08-18 22:11:00] §aINFO: ElytraFly has been disabled
[2023-08-18 22:11:18] §aINFO: ElytraFly has been enabled
[2023-08-18 22:11:33] §aINFO: ElytraFly has been disabled
[2023-08-18 22:11:34] §aINFO: EntitySpeed has been disabled
[2023-08-18 22:11:36] §aINFO: Waypoints has been disabled
[2023-08-18 22:11:37] §aINFO: AutoEat has been disabled
[2023-08-18 22:11:38] §aINFO: AutoFish has been disabled
[2023-08-18 22:11:44] §aINFO: AntiHunger has been disabled
[2023-08-18 22:12:03] §aINFO: ElytraFly has been enabled
[2023-08-18 22:13:02] §aINFO: ElytraFly has been disabled
[2023-08-18 22:13:09] > fakeplayer del lol
[2023-08-18 22:13:09] Could not find entity lol
[2023-08-18 22:13:09] Could not find entity lol
[2023-08-18 22:13:11] > fakeplayer all lol
[2023-08-18 22:13:11] Created entity all
[2023-08-18 22:13:11] Created entity all
[2023-08-18 22:13:24] > fakeplayer del lol
[2023-08-18 22:13:24] Could not find entity lol
[2023-08-18 22:13:24] Could not find entity lol
[2023-08-18 22:13:29] > fakeplayer del all
[2023-08-18 22:13:29] Deleted all
[2023-08-18 22:13:29] Deleted all
[2023-08-18 22:13:33] §aINFO: ElytraFly has been enabled
[2023-08-18 22:17:21] §aINFO: Velocity has been enabled
[2023-08-18 22:18:16] §aINFO: Speed has been enabled
[2023-08-18 22:18:25] §aINFO: Speed has been disabled
[2023-08-18 22:18:26] §aINFO: Speed has been enabled
[2023-08-18 22:18:47] §aINFO: Speed has been disabled
[2023-08-18 22:20:57] §aINFO: NoSlow has been enabled
[2023-08-18 22:22:00] §aINFO: NoFall has been enabled
[2023-08-18 22:22:02] §aINFO: Speed has been enabled
[2023-08-18 22:22:04] §aINFO: Speed has been disabled
[2023-08-18 22:22:04] §aINFO: Speed has been enabled
[2023-08-18 22:22:05] §aINFO: Speed has been disabled
[2023-08-18 22:22:06] §aINFO: Speed has been enabled
[2023-08-18 22:22:07] §aINFO: Speed has been disabled
[2023-08-18 22:23:00] §aINFO: Speed has been enabled
[2023-08-18 22:23:26] §aINFO: Speed has been disabled
[2023-08-18 22:23:29] §aINFO: Speed has been enabled
[2023-08-18 22:23:30] §aINFO: Speed has been disabled
[2023-08-18 22:23:31] §aINFO: Speed has been enabled
[2023-08-18 22:23:32] §aINFO: Speed has been disabled
[2023-08-18 22:23:33] §aINFO: Speed has been enabled
[2023-08-18 22:23:33] §aINFO: Speed has been disabled
[2023-08-18 22:23:34] §aINFO: Speed has been enabled
[2023-08-18 22:23:35] §aINFO: Speed has been disabled
[2023-08-18 22:23:39] §aINFO: Speed has been enabled
[2023-08-18 22:23:39] §aINFO: Speed has been disabled
[2023-08-18 22:23:41] §aINFO: Speed has been enabled
[2023-08-18 22:23:45] §aINFO: Speed has been disabled
[2023-08-18 22:23:46] §aINFO: Speed has been enabled
[2023-08-18 22:23:52] §aINFO: Speed has been disabled
[2023-08-18 22:23:56] §aINFO: Speed has been enabled
[2023-08-18 22:23:57] §aINFO: Speed has been disabled
[2023-08-18 22:24:05] §aINFO: Speed has been enabled
[2023-08-18 22:24:06] §aINFO: Speed has been disabled
[2023-08-18 22:24:07] §aINFO: Speed has been enabled
[2023-08-18 22:24:07] §aINFO: Speed has been disabled
[2023-08-18 22:24:08] §aINFO: Speed has been enabled
[2023-08-18 22:24:11] §aINFO: Speed has been disabled
[2023-08-18 22:24:12] §aINFO: Speed has been enabled
[2023-08-18 22:24:16] §aINFO: Speed has been disabled
[2023-08-18 22:24:16] §aINFO: Speed has been enabled
[2023-08-18 22:24:18] §aINFO: Speed has been disabled
[2023-08-18 22:24:24] §aINFO: Speed has been enabled
[2023-08-18 22:24:26] §aINFO: Speed has been disabled
[2023-08-18 22:24:29] §aINFO: Speed has been enabled
[2023-08-18 22:24:30] §aINFO: Speed has been disabled
[2023-08-18 22:24:34] §aINFO: Speed has been enabled
[2023-08-18 22:24:37] §aINFO: Speed has been disabled
[2023-08-18 22:24:48] §aINFO: Speed has been enabled
[2023-08-18 22:24:49] §aINFO: Speed has been disabled
[2023-08-18 22:24:49] §aINFO: Speed has been enabled
[2023-08-18 22:24:50] §aINFO: Speed has been disabled
[2023-08-18 22:24:51] §aINFO: Speed has been enabled
[2023-08-18 22:24:54] §aINFO: Speed has been disabled
[2023-08-18 22:24:57] §aINFO: Speed has been enabled
[2023-08-18 22:25:00] §aINFO: Speed has been disabled
[2023-08-18 22:25:02] §aINFO: Speed has been enabled
[2023-08-18 22:25:03] §aINFO: Speed has been disabled
[2023-08-18 22:25:04] §aINFO: Speed has been enabled
[2023-08-18 22:25:07] §aINFO: Speed has been disabled
[2023-08-18 22:25:18] §aINFO: Speed has been enabled
[2023-08-18 22:25:21] §aINFO: Speed has been disabled
[2023-08-18 22:25:23] §aINFO: Speed has been enabled
[2023-08-18 22:25:24] §aINFO: Speed has been disabled
[2023-08-18 22:25:26] §aINFO: Speed has been enabled
[2023-08-18 22:25:27] §aINFO: Speed has been disabled
[2023-08-18 22:25:32] §aINFO: Speed has been enabled
[2023-08-18 22:25:33] §aINFO: Speed has been disabled
[2023-08-18 22:25:37] §aINFO: Speed has been enabled
[2023-08-18 22:25:40] §aINFO: Speed has been disabled
[2023-08-18 22:25:46] §aINFO: Speed has been enabled
[2023-08-18 22:25:47] §aINFO: Speed has been disabled
[2023-08-18 22:25:51] §aINFO: Speed has been enabled
[2023-08-18 22:25:54] §aINFO: Speed has been disabled
[2023-08-18 22:25:56] §aINFO: Speed has been enabled
[2023-08-18 22:25:57] §aINFO: Speed has been disabled
[2023-08-18 22:26:04] §aINFO: Speed has been enabled
[2023-08-18 22:26:06] §aINFO: Speed has been disabled
[2023-08-18 22:26:08] §aINFO: Speed has been enabled
[2023-08-18 22:26:09] §aINFO: Speed has been disabled
[2023-08-18 22:26:11] §aINFO: Speed has been enabled
[2023-08-18 22:26:11] §aINFO: Speed has been disabled
[2023-08-18 22:26:13] §aINFO: Speed has been enabled
[2023-08-18 22:26:13] §aINFO: Speed has been disabled
[2023-08-18 22:26:17] §aINFO: Speed has been enabled
[2023-08-18 22:26:19] §aINFO: Speed has been disabled
[2023-08-18 22:26:21] §aINFO: Speed has been enabled
[2023-08-18 22:26:23] §aINFO: Speed has been disabled
[2023-08-18 22:26:28] §aINFO: Speed has been enabled
[2023-08-18 22:26:31] §aINFO: Speed has been disabled
[2023-08-18 22:26:34] §aINFO: Speed has been enabled
[2023-08-18 22:26:36] §aINFO: Speed has been disabled
[2023-08-18 22:26:37] §aINFO: Speed has been enabled
[2023-08-18 22:26:37] §aINFO: Speed has been disabled
[2023-08-18 22:26:39] §aINFO: Speed has been enabled
[2023-08-18 22:26:40] §aINFO: Speed has been disabled
[2023-08-18 22:26:44] §aINFO: Speed has been enabled
[2023-08-18 22:26:46] §aINFO: Speed has been disabled
[2023-08-18 22:26:47] §aINFO: Speed has been enabled
[2023-08-18 22:26:47] §aINFO: Speed has been disabled
[2023-08-18 22:26:49] §aINFO: Speed has been enabled
[2023-08-18 22:26:51] §aINFO: Speed has been disabled
[2023-08-18 22:26:53] §aINFO: Speed has been enabled
[2023-08-18 22:26:54] §aINFO: Speed has been disabled
[2023-08-18 22:26:57] §aINFO: Speed has been enabled
[2023-08-18 22:26:57] §aINFO: Speed has been disabled
[2023-08-18 22:26:58] §aINFO: Speed has been enabled
[2023-08-18 22:27:06] §aINFO: Speed has been disabled
[2023-08-18 22:27:08] §aINFO: Speed has been enabled
[2023-08-18 22:27:29] §aINFO: Speed has been disabled
[2023-08-18 22:27:33] §aINFO: Speed has been enabled
[2023-08-18 22:27:40] §aINFO: Speed has been disabled
[2023-08-18 22:27:48] §aINFO: Speed has been enabled
[2023-08-18 22:27:52] §aINFO: Speed has been disabled
[2023-08-18 22:27:55] §aINFO: Speed has been enabled
[2023-08-18 22:27:57] §aINFO: Speed has been disabled
[2023-08-18 22:27:58] §aINFO: Speed has been enabled
[2023-08-18 22:27:59] §aINFO: Speed has been disabled
[2023-08-18 22:28:01] §aINFO: Speed has been enabled
[2023-08-18 22:28:01] §aINFO: Speed has been disabled
[2023-08-18 22:28:03] §aINFO: Speed has been enabled
[2023-08-18 22:28:03] §aINFO: Speed has been disabled
[2023-08-18 22:28:10] §aINFO: Speed has been enabled
[2023-08-18 22:28:13] §aINFO: Speed has been disabled
[2023-08-18 22:28:13] §aINFO: Speed has been enabled
[2023-08-18 22:28:14] §aINFO: Speed has been disabled
[2023-08-18 22:28:16] §aINFO: Speed has been enabled
[2023-08-18 22:28:18] §aINFO: Speed has been disabled
[2023-08-18 22:28:23] §aINFO: Speed has been enabled
[2023-08-18 22:28:26] §aINFO: Speed has been disabled
[2023-08-18 22:28:31] §aINFO: Speed has been enabled
[2023-08-18 22:28:36] §aINFO: Speed has been disabled
[2023-08-18 22:29:38] §aINFO: Speed has been enabled
[2023-08-18 22:29:39] §aINFO: Speed has been disabled
[2023-08-18 22:29:46] §aINFO: Speed has been enabled
[2023-08-18 22:29:50] §aINFO: Speed has been disabled
[2023-08-18 22:29:51] §aINFO: Speed has been enabled
[2023-08-18 22:29:52] §aINFO: Speed has been disabled
[2023-08-18 22:29:54] §aINFO: Speed has been enabled
[2023-08-18 22:29:55] §aINFO: Speed has been disabled
[2023-08-18 22:29:55] §aINFO: Speed has been enabled
[2023-08-18 22:29:56] §aINFO: Speed has been disabled
[2023-08-18 22:29:58] §aINFO: Speed has been enabled
[2023-08-18 22:30:00] §aINFO: Speed has been disabled
[2023-08-18 22:30:40] RusherHack Stopped
