[2023-08-18 16:55:01] §aINFO: AntiHunger has been enabled
[2023-08-18 16:55:01] §aINFO: LagReducer has been enabled
[2023-08-18 16:55:01] §aINFO: NoRender has been enabled
[2023-08-18 16:55:01] §aINFO: Notifications has been enabled
[2023-08-18 16:55:01] §aINFO: RichPresence has been enabled
[2023-08-18 16:55:01] §aINFO: Tracers has been enabled
[2023-08-18 16:55:01] §aINFO: Velocity has been enabled
[2023-08-18 16:55:01] §aINFO: Waypoints has been enabled
[2023-08-18 16:55:01] Loading Macros
[2023-08-18 16:55:01] Loading Waypoints
[2023-08-18 16:55:01] RusherHack Started
[2023-08-18 16:55:03] §aINFO: Discord Rich Presence established: relapzie#0
[2023-08-18 16:55:13] §aHINT: You can change the HUD with the HUD editor, press COMMA
[2023-08-18 16:58:06] §aINFO: Velocity has been disabled
[2023-08-18 17:07:24] §aINFO: BoatFly has been enabled
[2023-08-18 17:07:28] §aINFO: BoatFly has been disabled
[2023-08-18 17:08:02] §aINFO: AutoReconnect has been enabled
[2023-08-18 17:08:48] §aINFO: BoatFly has been enabled
[2023-08-18 17:08:49] §aINFO: BoatFly has been disabled
[2023-08-18 17:08:58] §aINFO: BoatFly has been enabled
[2023-08-18 17:08:58] §aINFO: BoatFly has been disabled
[2023-08-18 17:09:03] §aINFO: BoatFly has been enabled
[2023-08-18 17:09:03] §aINFO: BoatFly has been disabled
[2023-08-18 17:09:04] §aINFO: BoatFly has been enabled
[2023-08-18 17:09:05] §aINFO: BoatFly has been disabled
[2023-08-18 17:09:08] §aINFO: EntitySpeed has been enabled
[2023-08-18 17:10:14] §aINFO: EntitySpeed has been disabled
[2023-08-18 17:10:42] §aINFO: EntitySpeed has been enabled
[2023-08-18 17:17:28] RusherHack Stopped
