[2023-08-17 09:54:43] §aINFO: AutoTotem has been enabled
[2023-08-17 09:54:43] §aINFO: ElytraFly has been enabled
[2023-08-17 09:54:43] §aINFO: NoFall has been enabled
[2023-08-17 09:54:43] §aINFO: NoRender has been enabled
[2023-08-17 09:54:43] §aINFO: RichPresence has been enabled
[2023-08-17 09:54:43] §aINFO: Tracers has been enabled
[2023-08-17 09:54:43] §aINFO: Velocity has been enabled
[2023-08-17 09:54:43] §aINFO: Waypoints has been enabled
[2023-08-17 09:54:43] Loading Macros
[2023-08-17 09:54:43] Loading Waypoints
[2023-08-17 09:54:43] RusherHack Started
[2023-08-17 09:55:13] §aHINT: You can get a list of commands by typing *help
[2023-08-17 09:55:23] §aINFO: AntiHunger has been enabled
[2023-08-17 09:55:24] §aINFO: ElytraFly has been disabled
[2023-08-17 09:55:25] §aINFO: NoFall has been disabled
[2023-08-17 09:55:29] §aINFO: AutoTotem has been disabled
[2023-08-17 10:05:21] Logged in with Microsoft: TokenLogging
[2023-08-17 10:06:10] Logged in with Microsoft: MeowingMittens
[2023-08-17 10:09:18] §aINFO: ElytraFly has been enabled
[2023-08-17 10:09:48] §aINFO: Avoid has been enabled
[2023-08-17 10:09:48] §aINFO: Avoid has been disabled
[2023-08-17 10:09:49] §aINFO: Avoid has been enabled
[2023-08-17 10:09:50] §aINFO: Avoid has been disabled
[2023-08-17 10:10:07] §aINFO: MobOwner has been enabled
[2023-08-17 10:10:07] §aINFO: NewChunks has been enabled
[2023-08-17 10:10:08] §aINFO: MobOwner has been disabled
[2023-08-17 10:11:49] §aINFO: BaseFinder has been enabled
[2023-08-17 10:11:49] §aINFO: There are 8 chests near X:-1511, Y:153, Z:991
[2023-08-17 10:11:50] §aINFO: There are 7 chests near X:-1542, Y:153, Z:991
[2023-08-17 10:11:53] §aINFO: There are 7 chests near X:-1622, Y:158, Z:991
[2023-08-17 10:11:54] §aINFO: There are 7 chests near X:-1653, Y:158, Z:991
[2023-08-17 10:11:54] §aINFO: There are 7 chests near X:-1670, Y:158, Z:991
[2023-08-17 10:11:55] §aINFO: There are 7 chests near X:-1701, Y:158, Z:991
[2023-08-17 10:11:58] §aINFO: BaseFinder has been disabled
[2023-08-17 10:12:03] §aINFO: BaseFinder has been enabled
[2023-08-17 10:14:07] §aINFO: LagReducer has been enabled
[2023-08-17 10:14:21] §aINFO: Notifications has been enabled
[2023-08-17 10:14:36] §aINFO: BaseFinder has been disabled
[2023-08-17 10:14:44] §aINFO: NewChunks has been disabled
[2023-08-17 10:16:14] §aINFO: BaseFinder has been enabled
[2023-08-17 10:16:37] §aINFO: BaseFinder has been disabled
[2023-08-17 10:17:30] §aINFO: ElytraFly has been disabled
[2023-08-17 10:17:35] RusherHack Stopped
