[2023-09-03 23:42:42] §aINFO: Criticals has been enabled
[2023-09-03 23:42:42] §aINFO: FullBright has been enabled
[2023-09-03 23:42:42] §aINFO: LagReducer has been enabled
[2023-09-03 23:42:42] §aINFO: NoFall has been enabled
[2023-09-03 23:42:42] §aINFO: NoRender has been enabled
[2023-09-03 23:42:42] §aINFO: NoSlow has been enabled
[2023-09-03 23:42:42] §aINFO: Notifications has been enabled
[2023-09-03 23:42:42] §aINFO: RichPresence has been enabled
[2023-09-03 23:42:42] §aINFO: Tracers has been enabled
[2023-09-03 23:42:42] §aINFO: Velocity has been enabled
[2023-09-03 23:42:42] Loading Macros
[2023-09-03 23:42:42] Loading Waypoints
[2023-09-03 23:42:42] RusherHack Started
[2023-09-03 23:42:43] §aINFO: Discord Rich Presence established: relapzie#0
[2023-09-03 23:43:01] §aHINT: You can change the HUD with the HUD editor, press COMMA
[2023-09-03 23:51:33] §aINFO: Speed has been enabled
[2023-09-03 23:51:52] §aINFO: AntiHunger has been enabled
[2023-09-03 23:52:00] §aINFO: Speed has been disabled
[2023-09-03 23:52:03] §aINFO: Speed has been enabled
[2023-09-03 23:53:18] §aINFO: Speed has been disabled
[2023-09-03 23:53:21] §aINFO: Speed has been enabled
[2023-09-03 23:53:40] §aINFO: Speed has been disabled
[2023-09-03 23:54:05] §aINFO: Speed has been enabled
[2023-09-03 23:54:06] §aINFO: Speed has been disabled
[2023-09-04 00:04:47] §aINFO: NoFall has been disabled
[2023-09-04 00:04:57] §aINFO: Background has been enabled
[2023-09-04 00:06:19] §aINFO: Notifications has been disabled
[2023-09-04 00:06:43] §aINFO: Speed has been enabled
[2023-09-04 00:06:48] §aINFO: Speed has been disabled
[2023-09-04 00:12:07] §aINFO: Speed has been enabled
[2023-09-04 00:12:08] §aINFO: Speed has been disabled
[2023-09-04 00:12:18] §aINFO: RichPresence has been disabled
[2023-09-04 00:12:26] §aINFO: RichPresence has been enabled
[2023-09-04 00:12:28] §aINFO: Discord Rich Presence established: relapzie#0
[2023-09-04 00:13:01] §aINFO: NoFall has been enabled
[2023-09-04 00:13:01] §aHINT: You can change the HUD with the HUD editor, press COMMA
[2023-09-04 00:13:01] §aINFO: Speed has been enabled
[2023-09-04 00:13:03] §aINFO: Speed has been disabled
[2023-09-04 00:13:29] §aINFO: Speed has been enabled
[2023-09-04 00:13:36] §aINFO: Speed has been disabled
[2023-09-04 00:13:39] §aINFO: Speed has been enabled
[2023-09-04 00:13:42] §aINFO: Speed has been disabled
[2023-09-04 00:13:43] §aINFO: Speed has been enabled
[2023-09-04 00:13:50] §aINFO: Speed has been disabled
[2023-09-04 00:13:53] §aINFO: Speed has been enabled
[2023-09-04 00:13:54] §aINFO: Speed has been disabled
[2023-09-04 00:13:56] §aINFO: Speed has been enabled
[2023-09-04 00:14:04] §aINFO: Speed has been disabled
[2023-09-04 00:14:04] §aINFO: Speed has been enabled
[2023-09-04 00:14:05] §aINFO: Speed has been disabled
[2023-09-04 00:14:05] §aINFO: Speed has been enabled
[2023-09-04 00:14:09] §aINFO: Speed has been disabled
[2023-09-04 00:14:15] §aINFO: Speed has been enabled
[2023-09-04 00:14:19] §aINFO: Speed has been disabled
[2023-09-04 00:14:24] §aINFO: Speed has been enabled
[2023-09-04 00:14:24] §aINFO: Speed has been disabled
[2023-09-04 00:14:25] §aINFO: Speed has been enabled
[2023-09-04 00:14:27] §aINFO: Speed has been disabled
[2023-09-04 00:14:30] §aINFO: ESP has been enabled
[2023-09-04 00:14:39] §aINFO: Speed has been enabled
[2023-09-04 00:14:44] §aINFO: Speed has been disabled
[2023-09-04 00:14:46] §aINFO: Speed has been enabled
[2023-09-04 00:14:57] §aINFO: Speed has been disabled
[2023-09-04 00:14:58] §aINFO: Speed has been enabled
[2023-09-04 00:14:58] §aINFO: Speed has been disabled
[2023-09-04 00:15:02] §aINFO: Speed has been enabled
[2023-09-04 00:15:04] §aINFO: Speed has been disabled
[2023-09-04 00:15:05] §aINFO: Speed has been enabled
[2023-09-04 00:15:06] §aINFO: Speed has been disabled
[2023-09-04 00:15:08] §aINFO: Speed has been enabled
[2023-09-04 00:15:09] §aINFO: Speed has been disabled
[2023-09-04 00:15:13] §aINFO: Speed has been enabled
[2023-09-04 00:15:13] §aINFO: Speed has been disabled
[2023-09-04 00:15:15] §aINFO: Speed has been enabled
[2023-09-04 00:15:27] §aINFO: Speed has been disabled
[2023-09-04 00:15:35] §aINFO: Speed has been enabled
[2023-09-04 00:15:39] §aINFO: Speed has been disabled
[2023-09-04 00:15:48] §aINFO: Speed has been enabled
[2023-09-04 00:15:53] §aINFO: Speed has been disabled
[2023-09-04 00:15:57] §aINFO: Speed has been enabled
[2023-09-04 00:16:00] §aINFO: Speed has been disabled
[2023-09-04 00:16:01] §aINFO: Speed has been enabled
[2023-09-04 00:16:02] §aINFO: Speed has been disabled
[2023-09-04 00:16:03] §aINFO: Speed has been enabled
[2023-09-04 00:16:07] §aINFO: Speed has been disabled
[2023-09-04 00:16:07] §aINFO: Speed has been enabled
[2023-09-04 00:16:09] §aINFO: Speed has been disabled
[2023-09-04 00:16:28] §aINFO: Speed has been enabled
[2023-09-04 00:16:30] §aINFO: Speed has been disabled
[2023-09-04 00:16:34] §aINFO: Speed has been enabled
[2023-09-04 00:16:37] §aINFO: Speed has been disabled
[2023-09-04 00:16:37] §aINFO: Speed has been enabled
[2023-09-04 00:16:38] §aINFO: Speed has been disabled
[2023-09-04 00:16:39] §aINFO: Speed has been enabled
[2023-09-04 00:16:39] §aINFO: Speed has been disabled
[2023-09-04 00:16:42] §aINFO: Speed has been enabled
[2023-09-04 00:16:44] §aINFO: Speed has been disabled
[2023-09-04 00:16:45] §aINFO: Speed has been enabled
[2023-09-04 00:16:47] §aINFO: Speed has been disabled
[2023-09-04 00:16:48] §aINFO: Speed has been enabled
[2023-09-04 00:16:49] §aINFO: Speed has been disabled
[2023-09-04 00:16:58] §aINFO: ESP has been disabled
[2023-09-04 00:17:02] §aINFO: Speed has been enabled
[2023-09-04 00:17:03] §aINFO: Speed has been disabled
[2023-09-04 00:17:04] §aINFO: Speed has been enabled
[2023-09-04 00:17:04] §aINFO: Speed has been disabled
[2023-09-04 00:17:05] §aINFO: Speed has been enabled
[2023-09-04 00:17:07] §aINFO: Speed has been disabled
[2023-09-04 00:17:08] §aINFO: Speed has been enabled
[2023-09-04 00:17:08] §aINFO: Speed has been disabled
[2023-09-04 00:17:11] §aINFO: Speed has been enabled
[2023-09-04 00:17:12] §aINFO: Speed has been disabled
[2023-09-04 00:17:13] §aINFO: Speed has been enabled
[2023-09-04 00:17:13] §aINFO: Speed has been disabled
[2023-09-04 00:17:15] §aINFO: Speed has been enabled
[2023-09-04 00:17:16] §aINFO: Speed has been disabled
[2023-09-04 00:17:29] §aINFO: Speed has been enabled
[2023-09-04 00:17:30] §aINFO: Speed has been disabled
[2023-09-04 00:17:31] §aINFO: Speed has been enabled
[2023-09-04 00:17:34] §aINFO: Speed has been disabled
[2023-09-04 00:18:10] §aINFO: Speed has been enabled
[2023-09-04 00:18:11] §aINFO: Speed has been disabled
[2023-09-04 00:18:37] §aINFO: Speed has been enabled
[2023-09-04 00:18:39] §aINFO: Speed has been disabled
[2023-09-04 00:18:40] §aINFO: Speed has been enabled
[2023-09-04 00:18:41] §aINFO: Speed has been disabled
[2023-09-04 00:18:44] §aINFO: Speed has been enabled
[2023-09-04 00:18:45] §aINFO: Speed has been disabled
[2023-09-04 00:18:46] §aINFO: Speed has been enabled
[2023-09-04 00:18:49] §aINFO: Speed has been disabled
[2023-09-04 00:18:50] §aINFO: Speed has been enabled
[2023-09-04 00:18:52] §aINFO: Speed has been disabled
[2023-09-04 00:18:52] §aINFO: Speed has been enabled
[2023-09-04 00:18:54] §aINFO: Speed has been disabled
[2023-09-04 00:18:57] §aINFO: Speed has been enabled
[2023-09-04 00:18:58] §aINFO: Speed has been disabled
[2023-09-04 00:19:01] §aINFO: Speed has been enabled
[2023-09-04 00:19:01] §aINFO: Speed has been disabled
[2023-09-04 00:19:03] §aINFO: Speed has been enabled
[2023-09-04 00:19:04] §aINFO: Speed has been disabled
[2023-09-04 00:19:08] §aINFO: Speed has been enabled
[2023-09-04 00:19:09] §aINFO: Speed has been disabled
[2023-09-04 00:19:10] §aINFO: Speed has been enabled
[2023-09-04 00:19:17] §aINFO: Speed has been disabled
[2023-09-04 00:19:56] §aINFO: Speed has been enabled
[2023-09-04 00:19:56] §aINFO: Speed has been disabled
[2023-09-04 00:20:04] §aINFO: Speed has been enabled
[2023-09-04 00:20:07] §aINFO: Speed has been disabled
[2023-09-04 00:20:07] §aINFO: Speed has been enabled
[2023-09-04 00:20:14] §aINFO: Speed has been disabled
[2023-09-04 00:20:15] §aINFO: Speed has been enabled
[2023-09-04 00:20:21] §aINFO: Speed has been disabled
[2023-09-04 00:20:21] §aINFO: Speed has been enabled
[2023-09-04 00:20:22] §aINFO: Speed has been disabled
[2023-09-04 00:20:25] §aINFO: Speed has been enabled
[2023-09-04 00:20:45] §aINFO: Speed has been disabled
[2023-09-04 00:20:50] §aINFO: Speed has been enabled
[2023-09-04 00:20:52] §aINFO: Speed has been disabled
[2023-09-04 00:20:53] §aINFO: Speed has been enabled
[2023-09-04 00:20:53] §aINFO: Speed has been disabled
[2023-09-04 00:20:55] §aINFO: Speed has been enabled
[2023-09-04 00:21:06] §aINFO: Speed has been disabled
[2023-09-04 00:21:12] §aINFO: Speed has been enabled
[2023-09-04 00:21:15] §aINFO: Speed has been disabled
[2023-09-04 00:21:19] §aINFO: Speed has been enabled
[2023-09-04 00:21:19] §aINFO: Speed has been disabled
[2023-09-04 00:21:25] §aINFO: Speed has been enabled
[2023-09-04 00:21:27] §aINFO: Speed has been disabled
[2023-09-04 00:21:35] §aINFO: Speed has been enabled
[2023-09-04 00:21:51] §aINFO: Speed has been disabled
[2023-09-04 00:21:53] §aINFO: Speed has been enabled
[2023-09-04 00:21:56] §aINFO: Speed has been disabled
[2023-09-04 00:22:15] §aINFO: Speed has been enabled
[2023-09-04 00:22:15] §aINFO: Speed has been disabled
[2023-09-04 00:22:16] §aINFO: Speed has been enabled
[2023-09-04 00:22:19] §aINFO: Speed has been disabled
[2023-09-04 00:22:21] §aINFO: Speed has been enabled
[2023-09-04 00:22:21] §aINFO: Speed has been disabled
[2023-09-04 00:22:22] §aINFO: Speed has been enabled
[2023-09-04 00:22:22] §aINFO: Speed has been disabled
[2023-09-04 00:22:23] §aINFO: Speed has been enabled
[2023-09-04 00:22:23] §aINFO: Speed has been disabled
[2023-09-04 00:22:24] §aINFO: Speed has been enabled
[2023-09-04 00:22:25] §aINFO: Speed has been disabled
[2023-09-04 00:22:25] §aINFO: Speed has been enabled
[2023-09-04 00:22:25] §aINFO: Speed has been disabled
[2023-09-04 00:22:29] §aINFO: Speed has been enabled
[2023-09-04 00:22:32] §aINFO: Speed has been disabled
[2023-09-04 00:22:40] §aINFO: Speed has been enabled
[2023-09-04 00:22:44] §aINFO: Speed has been disabled
[2023-09-04 00:22:45] §aINFO: Speed has been enabled
[2023-09-04 00:22:45] §aINFO: Speed has been disabled
[2023-09-04 00:22:46] §aINFO: Speed has been enabled
[2023-09-04 00:22:46] §aINFO: Speed has been disabled
[2023-09-04 00:22:53] §aINFO: Speed has been enabled
[2023-09-04 00:22:53] §aINFO: Speed has been disabled
[2023-09-04 00:23:12] §aINFO: Speed has been enabled
[2023-09-04 00:23:13] §aINFO: Speed has been disabled
[2023-09-04 00:23:27] §aINFO: Speed has been enabled
[2023-09-04 00:23:27] §aINFO: Speed has been disabled
[2023-09-04 00:25:05] §aINFO: Speed has been enabled
[2023-09-04 00:25:07] §aINFO: Speed has been disabled
[2023-09-04 00:32:35] RusherHack Stopped
